# JRE version: 7.0_21-b11
# Java VM: Java HotSpot(TM) 64-Bit Server VM (23.21-b01 mixed mode windows-amd64 compressed oops)
Heap
 PSYoungGen      total 26112K, used 22261K [0x00000000e0c00000, 0x00000000e2cb0000, 0x0000000100000000)
  eden space 22912K, 83% used [0x00000000e0c00000,0x00000000e1eb4860,0x00000000e2260000)
  from space 3200K, 97% used [0x00000000e2260000,0x00000000e2568f40,0x00000000e2580000)
  to   space 3328K, 0% used [0x00000000e2970000,0x00000000e2970000,0x00000000e2cb0000)
 ParOldGen       total 142656K, used 137298K [0x00000000a2400000, 0x00000000aaf50000, 0x00000000e0c00000)
  object space 142656K, 96% used [0x00000000a2400000,0x00000000aaa149c8,0x00000000aaf50000)
 PSPermGen       total 21248K, used 9817K [0x000000009d200000, 0x000000009e6c0000, 0x00000000a2400000)
  object space 21248K, 46% used [0x000000009d200000,0x000000009db96588,0x000000009e6c0000)
GC Heap History (10 events):
Event: 2850.490 GC heap before
{Heap before GC invocations=2195 (full 21):
 PSYoungGen      total 17216K, used 16288K [0x00000000e0c00000, 0x00000000e2240000, 0x0000000100000000)
  eden space 14080K, 100% used [0x00000000e0c00000,0x00000000e19c0000,0x00000000e19c0000)
  from space 3136K, 70% used [0x00000000e19c0000,0x00000000e1be82b0,0x00000000e1cd0000)
  to   space 3136K, 0% used [0x00000000e1f30000,0x00000000e1f30000,0x00000000e2240000)
 ParOldGen       total 142656K, used 136412K [0x00000000a2400000, 0x00000000aaf50000, 0x00000000e0c00000)
  object space 142656K, 95% used [0x00000000a2400000,0x00000000aa9370e8,0x00000000aaf50000)
 PSPermGen       total 21248K, used 9817K [0x000000009d200000, 0x000000009e6c0000, 0x00000000a2400000)
  object space 21248K, 46% used [0x000000009d200000,0x000000009db96588,0x000000009e6c0000)
Event: 2850.514 GC heap after
Heap after GC invocations=2195 (full 21):
 PSYoungGen      total 19648K, used 2209K [0x00000000e0c00000, 0x00000000e2260000, 0x0000000100000000)
  eden space 16512K, 0% used [0x00000000e0c00000,0x00000000e0c00000,0x00000000e1c20000)
  from space 3136K, 70% used [0x00000000e1f30000,0x00000000e2158710,0x00000000e2240000)
  to   space 3136K, 0% used [0x00000000e1c20000,0x00000000e1c20000,0x00000000e1f30000)
 ParOldGen       total 142656K, used 136542K [0x00000000a2400000, 0x00000000aaf50000, 0x00000000e0c00000)
  object space 142656K, 95% used [0x00000000a2400000,0x00000000aa9579a8,0x00000000aaf50000)
 PSPermGen       total 21248K, used 9817K [0x000000009d200000, 0x000000009e6c0000, 0x00000000a2400000)
  object space 21248K, 46% used [0x000000009d200000,0x000000009db96588,0x000000009e6c0000)
}
Event: 2851.197 GC heap before
{Heap before GC invocations=2196 (full 21):
 PSYoungGen      total 19648K, used 18721K [0x00000000e0c00000, 0x00000000e2260000, 0x0000000100000000)
  eden space 16512K, 100% used [0x00000000e0c00000,0x00000000e1c20000,0x00000000e1c20000)
  from space 3136K, 70% used [0x00000000e1f30000,0x00000000e2158710,0x00000000e2240000)
  to   space 3136K, 0% used [0x00000000e1c20000,0x00000000e1c20000,0x00000000e1f30000)
 ParOldGen       total 142656K, used 136542K [0x00000000a2400000, 0x00000000aaf50000, 0x00000000e0c00000)
  object space 142656K, 95% used [0x00000000a2400000,0x00000000aa9579a8,0x00000000aaf50000)
 PSPermGen       total 21248K, used 9817K [0x000000009d200000, 0x000000009e6c0000, 0x00000000a2400000)
  object space 21248K, 46% used [0x000000009d200000,0x000000009db96588,0x000000009e6c0000)
Event: 2851.217 GC heap after
Heap after GC invocations=2196 (full 21):
 PSYoungGen      total 19648K, used 2715K [0x00000000e0c00000, 0x00000000e2540000, 0x0000000100000000)
  eden space 16512K, 0% used [0x00000000e0c00000,0x00000000e0c00000,0x00000000e1c20000)
  from space 3136K, 86% used [0x00000000e1c20000,0x00000000e1ec6c40,0x00000000e1f30000)
  to   space 3136K, 0% used [0x00000000e2230000,0x00000000e2230000,0x00000000e2540000)
 ParOldGen       total 142656K, used 136697K [0x00000000a2400000, 0x00000000aaf50000, 0x00000000e0c00000)
  object space 142656K, 95% used [0x00000000a2400000,0x00000000aa97e498,0x00000000aaf50000)
 PSPermGen       total 21248K, used 9817K [0x000000009d200000, 0x000000009e6c0000, 0x00000000a2400000)
  object space 21248K, 46% used [0x000000009d200000,0x000000009db96588,0x000000009e6c0000)
}
Event: 2851.893 GC heap before
{Heap before GC invocations=2197 (full 21):
 PSYoungGen      total 19648K, used 19227K [0x00000000e0c00000, 0x00000000e2540000, 0x0000000100000000)
  eden space 16512K, 100% used [0x00000000e0c00000,0x00000000e1c20000,0x00000000e1c20000)
  from space 3136K, 86% used [0x00000000e1c20000,0x00000000e1ec6c40,0x00000000e1f30000)
  to   space 3136K, 0% used [0x00000000e2230000,0x00000000e2230000,0x00000000e2540000)
 ParOldGen       total 142656K, used 136697K [0x00000000a2400000, 0x00000000aaf50000, 0x00000000e0c00000)
  object space 142656K, 95% used [0x00000000a2400000,0x00000000aa97e498,0x00000000aaf50000)
 PSPermGen       total 21248K, used 9817K [0x000000009d200000, 0x000000009e6c0000, 0x00000000a2400000)
  object space 21248K, 46% used [0x000000009d200000,0x000000009db96588,0x000000009e6c0000)
Event: 2851.897 GC heap after
Heap after GC invocations=2197 (full 21):
 PSYoungGen      total 22656K, used 2747K [0x00000000e0c00000, 0x00000000e2550000, 0x0000000100000000)
  eden space 19520K, 0% used [0x00000000e0c00000,0x00000000e0c00000,0x00000000e1f10000)
  from space 3136K, 87% used [0x00000000e2230000,0x00000000e24dec40,0x00000000e2540000)
  to   space 3200K, 0% used [0x00000000e1f10000,0x00000000e1f10000,0x00000000e2230000)
 ParOldGen       total 142656K, used 136834K [0x00000000a2400000, 0x00000000aaf50000, 0x00000000e0c00000)
  object space 142656K, 95% used [0x00000000a2400000,0x00000000aa9a0b28,0x00000000aaf50000)
 PSPermGen       total 21248K, used 9817K [0x000000009d200000, 0x000000009e6c0000, 0x00000000a2400000)
  object space 21248K, 46% used [0x000000009d200000,0x000000009db96588,0x000000009e6c0000)
}
Event: 2852.579 GC heap before
{Heap before GC invocations=2198 (full 21):
 PSYoungGen      total 22656K, used 22267K [0x00000000e0c00000, 0x00000000e2550000, 0x0000000100000000)
  eden space 19520K, 100% used [0x00000000e0c00000,0x00000000e1f10000,0x00000000e1f10000)
  from space 3136K, 87% used [0x00000000e2230000,0x00000000e24dec40,0x00000000e2540000)
  to   space 3200K, 0% used [0x00000000e1f10000,0x00000000e1f10000,0x00000000e2230000)
 ParOldGen       total 142656K, used 136834K [0x00000000a2400000, 0x00000000aaf50000, 0x00000000e0c00000)
  object space 142656K, 95% used [0x00000000a2400000,0x00000000aa9a0b28,0x00000000aaf50000)
 PSPermGen       total 21248K, used 9817K [0x000000009d200000, 0x000000009e6c0000, 0x00000000a2400000)
  object space 21248K, 46% used [0x000000009d200000,0x000000009db96588,0x000000009e6c0000)
Event: 2852.586 GC heap after
Heap after GC invocations=2198 (full 21):
 PSYoungGen      total 22720K, used 2715K [0x00000000e0c00000, 0x00000000e28b0000, 0x0000000100000000)
  eden space 19520K, 0% used [0x00000000e0c00000,0x00000000e0c00000,0x00000000e1f10000)
  from space 3200K, 84% used [0x00000000e1f10000,0x00000000e21b6c40,0x00000000e2230000)
  to   space 3200K, 0% used [0x00000000e2590000,0x00000000e2590000,0x00000000e28b0000)
 ParOldGen       total 142656K, used 137006K [0x00000000a2400000, 0x00000000aaf50000, 0x00000000e0c00000)
  object space 142656K, 96% used [0x00000000a2400000,0x00000000aa9cb848,0x00000000aaf50000)
 PSPermGen       total 21248K, used 9817K [0x000000009d200000, 0x000000009e6c0000, 0x00000000a2400000)
  object space 21248K, 46% used [0x000000009d200000,0x000000009db96588,0x000000009e6c0000)
}
Event: 2853.256 GC heap before
{Heap before GC invocations=2199 (full 21):
 PSYoungGen      total 22720K, used 22235K [0x00000000e0c00000, 0x00000000e28b0000, 0x0000000100000000)
  eden space 19520K, 100% used [0x00000000e0c00000,0x00000000e1f10000,0x00000000e1f10000)
  from space 3200K, 84% used [0x00000000e1f10000,0x00000000e21b6c40,0x00000000e2230000)
  to   space 3200K, 0% used [0x00000000e2590000,0x00000000e2590000,0x00000000e28b0000)
 ParOldGen       total 142656K, used 137006K [0x00000000a2400000, 0x00000000aaf50000, 0x00000000e0c00000)
  object space 142656K, 96% used [0x00000000a2400000,0x00000000aa9cb848,0x00000000aaf50000)
 PSPermGen       total 21248K, used 9817K [0x000000009d200000, 0x000000009e6c0000, 0x00000000a2400000)
  object space 21248K, 46% used [0x000000009d200000,0x000000009db96588,0x000000009e6c0000)
Event: 2853.261 GC heap after
Heap after GC invocations=2199 (full 21):
 PSYoungGen      total 26048K, used 2698K [0x00000000e0c00000, 0x00000000e28a0000, 0x0000000100000000)
  eden space 22912K, 0% used [0x00000000e0c00000,0x00000000e0c00000,0x00000000e2260000)
  from space 3136K, 86% used [0x00000000e2590000,0x00000000e2832a10,0x00000000e28a0000)
  to   space 3200K, 0% used [0x00000000e2260000,0x00000000e2260000,0x00000000e2580000)
 ParOldGen       total 142656K, used 137135K [0x00000000a2400000, 0x00000000aaf50000, 0x00000000e0c00000)
  object space 142656K, 96% used [0x00000000a2400000,0x00000000aa9ebed8,0x00000000aaf50000)
 PSPermGen       total 21248K, used 9817K [0x000000009d200000, 0x000000009e6c0000, 0x00000000a2400000)
  object space 21248K, 46% used [0x000000009d200000,0x000000009db96588,0x000000009e6c0000)
}

