# JRE version: 7.0_21-b11
# Java VM: Java HotSpot(TM) 64-Bit Server VM (23.21-b01 mixed mode windows-amd64 compressed oops)
Heap
 PSYoungGen      total 1588160K, used 20018K [0x0000000759560000, 0x00000007f0290000, 0x0000000800000000)
  eden space 1580608K, 0% used [0x0000000759560000,0x000000075a18ce40,0x00000007b9cf0000)
  from space 7552K, 99% used [0x00000007efb30000,0x00000007f028f9d0,0x00000007f0290000)
  to   space 7936K, 0% used [0x00000007ef310000,0x00000007ef310000,0x00000007efad0000)
 ParOldGen       total 68288K, used 19333K [0x000000060c000000, 0x00000006102b0000, 0x0000000759560000)
  object space 68288K, 28% used [0x000000060c000000,0x000000060d2e1658,0x00000006102b0000)
 PSPermGen       total 21248K, used 9828K [0x0000000606e00000, 0x00000006082c0000, 0x000000060c000000)
  object space 21248K, 46% used [0x0000000606e00000,0x0000000607799220,0x00000006082c0000)
GC Heap History (10 events):
Event: 8805.096 GC heap before
{Heap before GC invocations=17400 (full 161):
 PSYoungGen      total 899392K, used 898816K [0x0000000759560000, 0x00000007f0b20000, 0x0000000800000000)
  eden space 898816K, 100% used [0x0000000759560000,0x0000000790320000,0x0000000790320000)
  from space 576K, 0% used [0x00000007f0a90000,0x00000007f0a90000,0x00000007f0b20000)
  to   space 8000K, 0% used [0x00000007efb80000,0x00000007efb80000,0x00000007f0350000)
 ParOldGen       total 68288K, used 11662K [0x000000060c000000, 0x00000006102b0000, 0x0000000759560000)
  object space 68288K, 17% used [0x000000060c000000,0x000000060cb63aa8,0x00000006102b0000)
 PSPermGen       total 21248K, used 9828K [0x0000000606e00000, 0x00000006082c0000, 0x000000060c000000)
  object space 21248K, 46% used [0x0000000606e00000,0x0000000607799220,0x00000006082c0000)
Event: 8805.104 GC heap after
Heap after GC invocations=17400 (full 161):
 PSYoungGen      total 862336K, used 7777K [0x0000000759560000, 0x00000007f0aa0000, 0x0000000800000000)
  eden space 854528K, 0% used [0x0000000759560000,0x0000000759560000,0x000000078d7e0000)
  from space 7808K, 99% used [0x00000007efb80000,0x00000007f03186f0,0x00000007f0320000)
  to   space 7680K, 0% used [0x00000007f0320000,0x00000007f0320000,0x00000007f0aa0000)
 ParOldGen       total 68288K, used 11662K [0x000000060c000000, 0x00000006102b0000, 0x0000000759560000)
  object space 68288K, 17% used [0x000000060c000000,0x000000060cb63aa8,0x00000006102b0000)
 PSPermGen       total 21248K, used 9828K [0x0000000606e00000, 0x00000006082c0000, 0x000000060c000000)
  object space 21248K, 46% used [0x0000000606e00000,0x0000000607799220,0x00000006082c0000)
}
Event: 8805.987 GC heap before
{Heap before GC invocations=17401 (full 161):
 PSYoungGen      total 862336K, used 862305K [0x0000000759560000, 0x00000007f0aa0000, 0x0000000800000000)
  eden space 854528K, 100% used [0x0000000759560000,0x000000078d7e0000,0x000000078d7e0000)
  from space 7808K, 99% used [0x00000007efb80000,0x00000007f03186f0,0x00000007f0320000)
  to   space 7680K, 0% used [0x00000007f0320000,0x00000007f0320000,0x00000007f0aa0000)
 ParOldGen       total 68288K, used 11662K [0x000000060c000000, 0x00000006102b0000, 0x0000000759560000)
  object space 68288K, 17% used [0x000000060c000000,0x000000060cb63aa8,0x00000006102b0000)
 PSPermGen       total 21248K, used 9828K [0x0000000606e00000, 0x00000006082c0000, 0x000000060c000000)
  object space 21248K, 46% used [0x0000000606e00000,0x0000000607799220,0x00000006082c0000)
Event: 8805.993 GC heap after
Heap after GC invocations=17401 (full 161):
 PSYoungGen      total 820160K, used 7679K [0x0000000759560000, 0x00000007f0aa0000, 0x0000000800000000)
  eden space 812480K, 0% used [0x0000000759560000,0x0000000759560000,0x000000078aed0000)
  from space 7680K, 99% used [0x00000007f0320000,0x00000007f0a9fe30,0x00000007f0aa0000)
  to   space 8000K, 0% used [0x00000007efb00000,0x00000007efb00000,0x00000007f02d0000)
 ParOldGen       total 68288K, used 11810K [0x000000060c000000, 0x00000006102b0000, 0x0000000759560000)
  object space 68288K, 17% used [0x000000060c000000,0x000000060cb889f8,0x00000006102b0000)
 PSPermGen       total 21248K, used 9828K [0x0000000606e00000, 0x00000006082c0000, 0x000000060c000000)
  object space 21248K, 46% used [0x0000000606e00000,0x0000000607799220,0x00000006082c0000)
}
Event: 8806.864 GC heap before
{Heap before GC invocations=17402 (full 161):
 PSYoungGen      total 820160K, used 820159K [0x0000000759560000, 0x00000007f0aa0000, 0x0000000800000000)
  eden space 812480K, 100% used [0x0000000759560000,0x000000078aed0000,0x000000078aed0000)
  from space 7680K, 99% used [0x00000007f0320000,0x00000007f0a9fe30,0x00000007f0aa0000)
  to   space 8000K, 0% used [0x00000007efb00000,0x00000007efb00000,0x00000007f02d0000)
 ParOldGen       total 68288K, used 11810K [0x000000060c000000, 0x00000006102b0000, 0x0000000759560000)
  object space 68288K, 17% used [0x000000060c000000,0x000000060cb889f8,0x00000006102b0000)
 PSPermGen       total 21248K, used 9828K [0x0000000606e00000, 0x00000006082c0000, 0x000000060c000000)
  object space 21248K, 46% used [0x0000000606e00000,0x0000000607799220,0x00000006082c0000)
Event: 8806.878 GC heap after
Heap after GC invocations=17402 (full 161):
 PSYoungGen      total 964032K, used 7664K [0x0000000759560000, 0x00000007f0330000, 0x0000000800000000)
  eden space 956352K, 0% used [0x0000000759560000,0x0000000759560000,0x0000000793b50000)
  from space 7680K, 99% used [0x00000007efb00000,0x00000007f027c060,0x00000007f0280000)
  to   space 704K, 0% used [0x00000007f0280000,0x00000007f0280000,0x00000007f0330000)
 ParOldGen       total 68288K, used 11900K [0x000000060c000000, 0x00000006102b0000, 0x0000000759560000)
  object space 68288K, 17% used [0x000000060c000000,0x000000060cb9f2b8,0x00000006102b0000)
 PSPermGen       total 21248K, used 9828K [0x0000000606e00000, 0x00000006082c0000, 0x000000060c000000)
  object space 21248K, 46% used [0x0000000606e00000,0x0000000607799220,0x00000006082c0000)
}
Event: 8807.766 GC heap before
{Heap before GC invocations=17403 (full 161):
 PSYoungGen      total 964032K, used 964016K [0x0000000759560000, 0x00000007f0330000, 0x0000000800000000)
  eden space 956352K, 100% used [0x0000000759560000,0x0000000793b50000,0x0000000793b50000)
  from space 7680K, 99% used [0x00000007efb00000,0x00000007f027c060,0x00000007f0280000)
  to   space 704K, 0% used [0x00000007f0280000,0x00000007f0280000,0x00000007f0330000)
 ParOldGen       total 68288K, used 11900K [0x000000060c000000, 0x00000006102b0000, 0x0000000759560000)
  object space 68288K, 17% used [0x000000060c000000,0x000000060cb9f2b8,0x00000006102b0000)
 PSPermGen       total 21248K, used 9828K [0x0000000606e00000, 0x00000006082c0000, 0x000000060c000000)
  object space 21248K, 46% used [0x0000000606e00000,0x0000000607799220,0x00000006082c0000)
Event: 8807.786 GC heap after
Heap after GC invocations=17403 (full 161):
 PSYoungGen      total 1131712K, used 701K [0x0000000759560000, 0x00000007f0330000, 0x0000000800000000)
  eden space 1131008K, 0% used [0x0000000759560000,0x0000000759560000,0x000000079e5e0000)
  from space 704K, 99% used [0x00000007f0280000,0x00000007f032f6b0,0x00000007f0330000)
  to   space 8000K, 0% used [0x00000007ef390000,0x00000007ef390000,0x00000007efb60000)
 ParOldGen       total 68288K, used 18988K [0x000000060c000000, 0x00000006102b0000, 0x0000000759560000)
  object space 68288K, 27% used [0x000000060c000000,0x000000060d28b358,0x00000006102b0000)
 PSPermGen       total 21248K, used 9828K [0x0000000606e00000, 0x00000006082c0000, 0x000000060c000000)
  object space 21248K, 46% used [0x0000000606e00000,0x0000000607799220,0x00000006082c0000)
}
Event: 8808.656 GC heap before
{Heap before GC invocations=17404 (full 161):
 PSYoungGen      total 1131712K, used 1131709K [0x0000000759560000, 0x00000007f0330000, 0x0000000800000000)
  eden space 1131008K, 100% used [0x0000000759560000,0x000000079e5e0000,0x000000079e5e0000)
  from space 704K, 99% used [0x00000007f0280000,0x00000007f032f6b0,0x00000007f0330000)
  to   space 8000K, 0% used [0x00000007ef390000,0x00000007ef390000,0x00000007efb60000)
 ParOldGen       total 68288K, used 18988K [0x000000060c000000, 0x00000006102b0000, 0x0000000759560000)
  object space 68288K, 27% used [0x000000060c000000,0x000000060d28b358,0x00000006102b0000)
 PSPermGen       total 21248K, used 9828K [0x0000000606e00000, 0x00000006082c0000, 0x000000060c000000)
  object space 21248K, 46% used [0x0000000606e00000,0x0000000607799220,0x00000006082c0000)
Event: 8808.664 GC heap after
Heap after GC invocations=17404 (full 161):
 PSYoungGen      total 1343680K, used 7777K [0x0000000759560000, 0x00000007f0290000, 0x0000000800000000)
  eden space 1335872K, 0% used [0x0000000759560000,0x0000000759560000,0x00000007aadf0000)
  from space 7808K, 99% used [0x00000007ef390000,0x00000007efb286f0,0x00000007efb30000)
  to   space 7552K, 0% used [0x00000007efb30000,0x00000007efb30000,0x00000007f0290000)
 ParOldGen       total 68288K, used 19061K [0x000000060c000000, 0x00000006102b0000, 0x0000000759560000)
  object space 68288K, 27% used [0x000000060c000000,0x000000060d29d7b8,0x00000006102b0000)
 PSPermGen       total 21248K, used 9828K [0x0000000606e00000, 0x00000006082c0000, 0x000000060c000000)
  object space 21248K, 46% used [0x0000000606e00000,0x0000000607799220,0x00000006082c0000)
}

