# JRE version: 7.0_21-b11
# Java VM: Java HotSpot(TM) 64-Bit Server VM (23.21-b01 mixed mode windows-amd64 compressed oops)
Heap
 PSYoungGen      total 36032K, used 112K [0x00000000e0c00000, 0x00000000e2f70000, 0x0000000100000000)
  eden space 35904K, 0% used [0x00000000e0c00000,0x00000000e0c00000,0x00000000e2f10000)
  from space 128K, 87% used [0x00000000e2f50000,0x00000000e2f6c230,0x00000000e2f70000)
  to   space 192K, 0% used [0x00000000e2f10000,0x00000000e2f10000,0x00000000e2f40000)
 ParOldGen       total 53568K, used 4426K [0x00000000a2400000, 0x00000000a5850000, 0x00000000e0c00000)
  object space 53568K, 8% used [0x00000000a2400000,0x00000000a2852988,0x00000000a5850000)
 PSPermGen       total 21248K, used 9994K [0x000000009d200000, 0x000000009e6c0000, 0x00000000a2400000)
  object space 21248K, 47% used [0x000000009d200000,0x000000009dbc2bd0,0x000000009e6c0000)
GC Heap History (10 events):
Event: 263.058 GC heap after
Heap after GC invocations=2554 (full 1276):
 PSYoungGen      total 36160K, used 0K [0x00000000e0c00000, 0x00000000e2f90000, 0x0000000100000000)
  eden space 35904K, 0% used [0x00000000e0c00000,0x00000000e0c00000,0x00000000e2f10000)
  from space 256K, 0% used [0x00000000e2f50000,0x00000000e2f50000,0x00000000e2f90000)
  to   space 256K, 0% used [0x00000000e2f10000,0x00000000e2f10000,0x00000000e2f50000)
 ParOldGen       total 53568K, used 4421K [0x00000000a2400000, 0x00000000a5850000, 0x00000000e0c00000)
  object space 53568K, 8% used [0x00000000a2400000,0x00000000a2851788,0x00000000a5850000)
 PSPermGen       total 21248K, used 9994K [0x000000009d200000, 0x000000009e6c0000, 0x00000000a2400000)
  object space 21248K, 47% used [0x000000009d200000,0x000000009dbc2bd0,0x000000009e6c0000)
}
Event: 263.089 GC heap before
{Heap before GC invocations=2555 (full 1276):
 PSYoungGen      total 36160K, used 606K [0x00000000e0c00000, 0x00000000e2f90000, 0x0000000100000000)
  eden space 35904K, 1% used [0x00000000e0c00000,0x00000000e0c97ae0,0x00000000e2f10000)
  from space 256K, 0% used [0x00000000e2f50000,0x00000000e2f50000,0x00000000e2f90000)
  to   space 256K, 0% used [0x00000000e2f10000,0x00000000e2f10000,0x00000000e2f50000)
 ParOldGen       total 53568K, used 4421K [0x00000000a2400000, 0x00000000a5850000, 0x00000000e0c00000)
  object space 53568K, 8% used [0x00000000a2400000,0x00000000a2851788,0x00000000a5850000)
 PSPermGen       total 21248K, used 9994K [0x000000009d200000, 0x000000009e6c0000, 0x00000000a2400000)
  object space 21248K, 47% used [0x000000009d200000,0x000000009dbc2bd0,0x000000009e6c0000)
Event: 263.095 GC heap after
Heap after GC invocations=2555 (full 1276):
 PSYoungGen      total 36160K, used 97K [0x00000000e0c00000, 0x00000000e2f90000, 0x0000000100000000)
  eden space 35904K, 0% used [0x00000000e0c00000,0x00000000e0c00000,0x00000000e2f10000)
  from space 256K, 37% used [0x00000000e2f10000,0x00000000e2f28460,0x00000000e2f50000)
  to   space 256K, 0% used [0x00000000e2f50000,0x00000000e2f50000,0x00000000e2f90000)
 ParOldGen       total 53568K, used 4421K [0x00000000a2400000, 0x00000000a5850000, 0x00000000e0c00000)
  object space 53568K, 8% used [0x00000000a2400000,0x00000000a2851788,0x00000000a5850000)
 PSPermGen       total 21248K, used 9994K [0x000000009d200000, 0x000000009e6c0000, 0x00000000a2400000)
  object space 21248K, 47% used [0x000000009d200000,0x000000009dbc2bd0,0x000000009e6c0000)
}
Event: 263.095 GC heap before
{Heap before GC invocations=2556 (full 1277):
 PSYoungGen      total 36160K, used 97K [0x00000000e0c00000, 0x00000000e2f90000, 0x0000000100000000)
  eden space 35904K, 0% used [0x00000000e0c00000,0x00000000e0c00000,0x00000000e2f10000)
  from space 256K, 37% used [0x00000000e2f10000,0x00000000e2f28460,0x00000000e2f50000)
  to   space 256K, 0% used [0x00000000e2f50000,0x00000000e2f50000,0x00000000e2f90000)
 ParOldGen       total 53568K, used 4421K [0x00000000a2400000, 0x00000000a5850000, 0x00000000e0c00000)
  object space 53568K, 8% used [0x00000000a2400000,0x00000000a2851788,0x00000000a5850000)
 PSPermGen       total 21248K, used 9994K [0x000000009d200000, 0x000000009e6c0000, 0x00000000a2400000)
  object space 21248K, 47% used [0x000000009d200000,0x000000009dbc2bd0,0x000000009e6c0000)
Event: 263.130 GC heap after
Heap after GC invocations=2556 (full 1277):
 PSYoungGen      total 36160K, used 0K [0x00000000e0c00000, 0x00000000e2f90000, 0x0000000100000000)
  eden space 35904K, 0% used [0x00000000e0c00000,0x00000000e0c00000,0x00000000e2f10000)
  from space 256K, 0% used [0x00000000e2f10000,0x00000000e2f10000,0x00000000e2f50000)
  to   space 256K, 0% used [0x00000000e2f50000,0x00000000e2f50000,0x00000000e2f90000)
 ParOldGen       total 53568K, used 4424K [0x00000000a2400000, 0x00000000a5850000, 0x00000000e0c00000)
  object space 53568K, 8% used [0x00000000a2400000,0x00000000a2852040,0x00000000a5850000)
 PSPermGen       total 21248K, used 9994K [0x000000009d200000, 0x000000009e6c0000, 0x00000000a2400000)
  object space 21248K, 47% used [0x000000009d200000,0x000000009dbc2bd0,0x000000009e6c0000)
}
Event: 263.161 GC heap before
{Heap before GC invocations=2557 (full 1277):
 PSYoungGen      total 36160K, used 698K [0x00000000e0c00000, 0x00000000e2f90000, 0x0000000100000000)
  eden space 35904K, 1% used [0x00000000e0c00000,0x00000000e0cae928,0x00000000e2f10000)
  from space 256K, 0% used [0x00000000e2f10000,0x00000000e2f10000,0x00000000e2f50000)
  to   space 256K, 0% used [0x00000000e2f50000,0x00000000e2f50000,0x00000000e2f90000)
 ParOldGen       total 53568K, used 4424K [0x00000000a2400000, 0x00000000a5850000, 0x00000000e0c00000)
  object space 53568K, 8% used [0x00000000a2400000,0x00000000a2852040,0x00000000a5850000)
 PSPermGen       total 21248K, used 9994K [0x000000009d200000, 0x000000009e6c0000, 0x00000000a2400000)
  object space 21248K, 47% used [0x000000009d200000,0x000000009dbc2bd0,0x000000009e6c0000)
Event: 263.168 GC heap after
Heap after GC invocations=2557 (full 1277):
 PSYoungGen      total 36160K, used 97K [0x00000000e0c00000, 0x00000000e2f90000, 0x0000000100000000)
  eden space 35904K, 0% used [0x00000000e0c00000,0x00000000e0c00000,0x00000000e2f10000)
  from space 256K, 37% used [0x00000000e2f50000,0x00000000e2f68460,0x00000000e2f90000)
  to   space 256K, 0% used [0x00000000e2f10000,0x00000000e2f10000,0x00000000e2f50000)
 ParOldGen       total 53568K, used 4424K [0x00000000a2400000, 0x00000000a5850000, 0x00000000e0c00000)
  object space 53568K, 8% used [0x00000000a2400000,0x00000000a2852040,0x00000000a5850000)
 PSPermGen       total 21248K, used 9994K [0x000000009d200000, 0x000000009e6c0000, 0x00000000a2400000)
  object space 21248K, 47% used [0x000000009d200000,0x000000009dbc2bd0,0x000000009e6c0000)
}
Event: 263.168 GC heap before
{Heap before GC invocations=2558 (full 1278):
 PSYoungGen      total 36160K, used 97K [0x00000000e0c00000, 0x00000000e2f90000, 0x0000000100000000)
  eden space 35904K, 0% used [0x00000000e0c00000,0x00000000e0c00000,0x00000000e2f10000)
  from space 256K, 37% used [0x00000000e2f50000,0x00000000e2f68460,0x00000000e2f90000)
  to   space 256K, 0% used [0x00000000e2f10000,0x00000000e2f10000,0x00000000e2f50000)
 ParOldGen       total 53568K, used 4424K [0x00000000a2400000, 0x00000000a5850000, 0x00000000e0c00000)
  object space 53568K, 8% used [0x00000000a2400000,0x00000000a2852040,0x00000000a5850000)
 PSPermGen       total 21248K, used 9994K [0x000000009d200000, 0x000000009e6c0000, 0x00000000a2400000)
  object space 21248K, 47% used [0x000000009d200000,0x000000009dbc2bd0,0x000000009e6c0000)
Event: 263.212 GC heap after
Heap after GC invocations=2558 (full 1278):
 PSYoungGen      total 36160K, used 0K [0x00000000e0c00000, 0x00000000e2f90000, 0x0000000100000000)
  eden space 35904K, 0% used [0x00000000e0c00000,0x00000000e0c00000,0x00000000e2f10000)
  from space 256K, 0% used [0x00000000e2f50000,0x00000000e2f50000,0x00000000e2f90000)
  to   space 256K, 0% used [0x00000000e2f10000,0x00000000e2f10000,0x00000000e2f50000)
 ParOldGen       total 53568K, used 4425K [0x00000000a2400000, 0x00000000a5850000, 0x00000000e0c00000)
  object space 53568K, 8% used [0x00000000a2400000,0x00000000a2852430,0x00000000a5850000)
 PSPermGen       total 21248K, used 9994K [0x000000009d200000, 0x000000009e6c0000, 0x00000000a2400000)
  object space 21248K, 47% used [0x000000009d200000,0x000000009dbc2bd0,0x000000009e6c0000)
}
Event: 263.252 GC heap before
{Heap before GC invocations=2559 (full 1278):
 PSYoungGen      total 36160K, used 698K [0x00000000e0c00000, 0x00000000e2f90000, 0x0000000100000000)
  eden space 35904K, 1% used [0x00000000e0c00000,0x00000000e0cae928,0x00000000e2f10000)
  from space 256K, 0% used [0x00000000e2f50000,0x00000000e2f50000,0x00000000e2f90000)
  to   space 256K, 0% used [0x00000000e2f10000,0x00000000e2f10000,0x00000000e2f50000)
 ParOldGen       total 53568K, used 4425K [0x00000000a2400000, 0x00000000a5850000, 0x00000000e0c00000)
  object space 53568K, 8% used [0x00000000a2400000,0x00000000a2852430,0x00000000a5850000)
 PSPermGen       total 21248K, used 9994K [0x000000009d200000, 0x000000009e6c0000, 0x00000000a2400000)
  object space 21248K, 47% used [0x000000009d200000,0x000000009dbc2bd0,0x000000009e6c0000)

