# JRE version: 7.0_21-b11
# Java VM: Java HotSpot(TM) 64-Bit Server VM (23.21-b01 mixed mode windows-amd64 compressed oops)
Heap
 PSYoungGen      total 13888K, used 13884K [0x00000000e0c00000, 0x00000000e1c30000, 0x0000000100000000)
  eden space 11840K, 100% used [0x00000000e0c00000,0x00000000e1790000,0x00000000e1790000)
  from space 2048K, 99% used [0x00000000e1930000,0x00000000e1b2f130,0x00000000e1b30000)
  to   space 1024K, 0% used [0x00000000e1b30000,0x00000000e1b30000,0x00000000e1c30000)
 ParOldGen       total 142144K, used 141006K [0x00000000a2400000, 0x00000000aaed0000, 0x00000000e0c00000)
  object space 142144K, 99% used [0x00000000a2400000,0x00000000aadb39f8,0x00000000aaed0000)
 PSPermGen       total 21248K, used 10193K [0x000000009d200000, 0x000000009e6c0000, 0x00000000a2400000)
  object space 21248K, 47% used [0x000000009d200000,0x000000009dbf4400,0x000000009e6c0000)
GC Heap History (10 events):
Event: 11818.174 GC heap before
{Heap before GC invocations=36030 (full 285):
 PSYoungGen      total 14976K, used 14408K [0x00000000e0c00000, 0x00000000e1d20000, 0x0000000100000000)
  eden space 12544K, 100% used [0x00000000e0c00000,0x00000000e1840000,0x00000000e1840000)
  from space 2432K, 76% used [0x00000000e1ac0000,0x00000000e1c921e0,0x00000000e1d20000)
  to   space 2496K, 0% used [0x00000000e1840000,0x00000000e1840000,0x00000000e1ab0000)
 ParOldGen       total 142144K, used 140380K [0x00000000a2400000, 0x00000000aaed0000, 0x00000000e0c00000)
  object space 142144K, 98% used [0x00000000a2400000,0x00000000aad17298,0x00000000aaed0000)
 PSPermGen       total 21248K, used 10193K [0x000000009d200000, 0x000000009e6c0000, 0x00000000a2400000)
  object space 21248K, 47% used [0x000000009d200000,0x000000009dbf4400,0x000000009e6c0000)
Event: 11818.176 GC heap after
Heap after GC invocations=36030 (full 285):
 PSYoungGen      total 14400K, used 2077K [0x00000000e0c00000, 0x00000000e1ce0000, 0x0000000100000000)
  eden space 12288K, 0% used [0x00000000e0c00000,0x00000000e0c00000,0x00000000e1800000)
  from space 2112K, 98% used [0x00000000e1840000,0x00000000e1a47590,0x00000000e1a50000)
  to   space 2496K, 0% used [0x00000000e1a70000,0x00000000e1a70000,0x00000000e1ce0000)
 ParOldGen       total 142144K, used 140510K [0x00000000a2400000, 0x00000000aaed0000, 0x00000000e0c00000)
  object space 142144K, 98% used [0x00000000a2400000,0x00000000aad37b58,0x00000000aaed0000)
 PSPermGen       total 21248K, used 10193K [0x000000009d200000, 0x000000009e6c0000, 0x00000000a2400000)
  object space 21248K, 47% used [0x000000009d200000,0x000000009dbf4400,0x000000009e6c0000)
}
Event: 11818.546 GC heap before
{Heap before GC invocations=36031 (full 285):
 PSYoungGen      total 14400K, used 14365K [0x00000000e0c00000, 0x00000000e1ce0000, 0x0000000100000000)
  eden space 12288K, 100% used [0x00000000e0c00000,0x00000000e1800000,0x00000000e1800000)
  from space 2112K, 98% used [0x00000000e1840000,0x00000000e1a47590,0x00000000e1a50000)
  to   space 2496K, 0% used [0x00000000e1a70000,0x00000000e1a70000,0x00000000e1ce0000)
 ParOldGen       total 142144K, used 140510K [0x00000000a2400000, 0x00000000aaed0000, 0x00000000e0c00000)
  object space 142144K, 98% used [0x00000000a2400000,0x00000000aad37b58,0x00000000aaed0000)
 PSPermGen       total 21248K, used 10193K [0x000000009d200000, 0x000000009e6c0000, 0x00000000a2400000)
  object space 21248K, 47% used [0x000000009d200000,0x000000009dbf4400,0x000000009e6c0000)
Event: 11818.549 GC heap after
Heap after GC invocations=36031 (full 285):
 PSYoungGen      total 14848K, used 2045K [0x00000000e0c00000, 0x00000000e1e30000, 0x0000000100000000)
  eden space 12352K, 0% used [0x00000000e0c00000,0x00000000e0c00000,0x00000000e1810000)
  from space 2496K, 81% used [0x00000000e1a70000,0x00000000e1c6f590,0x00000000e1ce0000)
  to   space 2432K, 0% used [0x00000000e1810000,0x00000000e1810000,0x00000000e1a70000)
 ParOldGen       total 142144K, used 140641K [0x00000000a2400000, 0x00000000aaed0000, 0x00000000e0c00000)
  object space 142144K, 98% used [0x00000000a2400000,0x00000000aad58418,0x00000000aaed0000)
 PSPermGen       total 21248K, used 10193K [0x000000009d200000, 0x000000009e6c0000, 0x00000000a2400000)
  object space 21248K, 47% used [0x000000009d200000,0x000000009dbf4400,0x000000009e6c0000)
}
Event: 11818.932 GC heap before
{Heap before GC invocations=36032 (full 285):
 PSYoungGen      total 14848K, used 14397K [0x00000000e0c00000, 0x00000000e1e30000, 0x0000000100000000)
  eden space 12352K, 100% used [0x00000000e0c00000,0x00000000e1810000,0x00000000e1810000)
  from space 2496K, 81% used [0x00000000e1a70000,0x00000000e1c6f590,0x00000000e1ce0000)
  to   space 2432K, 0% used [0x00000000e1810000,0x00000000e1810000,0x00000000e1a70000)
 ParOldGen       total 142144K, used 140641K [0x00000000a2400000, 0x00000000aaed0000, 0x00000000e0c00000)
  object space 142144K, 98% used [0x00000000a2400000,0x00000000aad58418,0x00000000aaed0000)
 PSPermGen       total 21248K, used 10193K [0x000000009d200000, 0x000000009e6c0000, 0x00000000a2400000)
  object space 21248K, 47% used [0x000000009d200000,0x000000009dbf4400,0x000000009e6c0000)
Event: 11818.934 GC heap after
Heap after GC invocations=36032 (full 285):
 PSYoungGen      total 14784K, used 2011K [0x00000000e0c00000, 0x00000000e1e30000, 0x0000000100000000)
  eden space 12352K, 0% used [0x00000000e0c00000,0x00000000e0c00000,0x00000000e1810000)
  from space 2432K, 82% used [0x00000000e1810000,0x00000000e1a06cd0,0x00000000e1a70000)
  to   space 2432K, 0% used [0x00000000e1bd0000,0x00000000e1bd0000,0x00000000e1e30000)
 ParOldGen       total 142144K, used 140779K [0x00000000a2400000, 0x00000000aaed0000, 0x00000000e0c00000)
  object space 142144K, 99% used [0x00000000a2400000,0x00000000aad7acd8,0x00000000aaed0000)
 PSPermGen       total 21248K, used 10193K [0x000000009d200000, 0x000000009e6c0000, 0x00000000a2400000)
  object space 21248K, 47% used [0x000000009d200000,0x000000009dbf4400,0x000000009e6c0000)
}
Event: 11819.306 GC heap before
{Heap before GC invocations=36033 (full 285):
 PSYoungGen      total 14784K, used 14363K [0x00000000e0c00000, 0x00000000e1e30000, 0x0000000100000000)
  eden space 12352K, 100% used [0x00000000e0c00000,0x00000000e1810000,0x00000000e1810000)
  from space 2432K, 82% used [0x00000000e1810000,0x00000000e1a06cd0,0x00000000e1a70000)
  to   space 2432K, 0% used [0x00000000e1bd0000,0x00000000e1bd0000,0x00000000e1e30000)
 ParOldGen       total 142144K, used 140779K [0x00000000a2400000, 0x00000000aaed0000, 0x00000000e0c00000)
  object space 142144K, 99% used [0x00000000a2400000,0x00000000aad7acd8,0x00000000aaed0000)
 PSPermGen       total 21248K, used 10193K [0x000000009d200000, 0x000000009e6c0000, 0x00000000a2400000)
  object space 21248K, 47% used [0x000000009d200000,0x000000009dbf4400,0x000000009e6c0000)
Event: 11819.308 GC heap after
Heap after GC invocations=36033 (full 285):
 PSYoungGen      total 14144K, used 1995K [0x00000000e0c00000, 0x00000000e1dd0000, 0x0000000100000000)
  eden space 12096K, 0% used [0x00000000e0c00000,0x00000000e0c00000,0x00000000e17d0000)
  from space 2048K, 97% used [0x00000000e1bd0000,0x00000000e1dc2f00,0x00000000e1dd0000)
  to   space 2368K, 0% used [0x00000000e1930000,0x00000000e1930000,0x00000000e1b80000)
 ParOldGen       total 142144K, used 140868K [0x00000000a2400000, 0x00000000aaed0000, 0x00000000e0c00000)
  object space 142144K, 99% used [0x00000000a2400000,0x00000000aad91138,0x00000000aaed0000)
 PSPermGen       total 21248K, used 10193K [0x000000009d200000, 0x000000009e6c0000, 0x00000000a2400000)
  object space 21248K, 47% used [0x000000009d200000,0x000000009dbf4400,0x000000009e6c0000)
}
Event: 11819.682 GC heap before
{Heap before GC invocations=36034 (full 285):
 PSYoungGen      total 14144K, used 14091K [0x00000000e0c00000, 0x00000000e1dd0000, 0x0000000100000000)
  eden space 12096K, 100% used [0x00000000e0c00000,0x00000000e17d0000,0x00000000e17d0000)
  from space 2048K, 97% used [0x00000000e1bd0000,0x00000000e1dc2f00,0x00000000e1dd0000)
  to   space 2368K, 0% used [0x00000000e1930000,0x00000000e1930000,0x00000000e1b80000)
 ParOldGen       total 142144K, used 140868K [0x00000000a2400000, 0x00000000aaed0000, 0x00000000e0c00000)
  object space 142144K, 99% used [0x00000000a2400000,0x00000000aad91138,0x00000000aaed0000)
 PSPermGen       total 21248K, used 10193K [0x000000009d200000, 0x000000009e6c0000, 0x00000000a2400000)
  object space 21248K, 47% used [0x000000009d200000,0x000000009dbf4400,0x000000009e6c0000)
Event: 11819.684 GC heap after
Heap after GC invocations=36034 (full 285):
 PSYoungGen      total 13888K, used 2044K [0x00000000e0c00000, 0x00000000e1c30000, 0x0000000100000000)
  eden space 11840K, 0% used [0x00000000e0c00000,0x00000000e0c00000,0x00000000e1790000)
  from space 2048K, 99% used [0x00000000e1930000,0x00000000e1b2f130,0x00000000e1b30000)
  to   space 1024K, 0% used [0x00000000e1b30000,0x00000000e1b30000,0x00000000e1c30000)
 ParOldGen       total 142144K, used 141006K [0x00000000a2400000, 0x00000000aaed0000, 0x00000000e0c00000)
  object space 142144K, 99% used [0x00000000a2400000,0x00000000aadb39f8,0x00000000aaed0000)
 PSPermGen       total 21248K, used 10193K [0x000000009d200000, 0x000000009e6c0000, 0x00000000a2400000)
  object space 21248K, 47% used [0x000000009d200000,0x000000009dbf4400,0x000000009e6c0000)
}

