# JRE version: 7.0_21-b11
# Java VM: Java HotSpot(TM) 64-Bit Server VM (23.21-b01 mixed mode windows-amd64 compressed oops)
Heap
 PSYoungGen      total 2628160K, used 398468K [0x0000000759560000, 0x00000007feee0000, 0x0000000800000000)
  eden space 2618560K, 14% used [0x0000000759560000,0x0000000771122ef0,0x00000007f9290000)
  from space 9600K, 99% used [0x00000007fe270000,0x00000007febce240,0x00000007febd0000)
  to   space 3136K, 0% used [0x00000007febd0000,0x00000007febd0000,0x00000007feee0000)
 ParOldGen       total 68288K, used 52055K [0x000000060c000000, 0x00000006102b0000, 0x0000000759560000)
  object space 68288K, 76% used [0x000000060c000000,0x000000060f2d5fc8,0x00000006102b0000)
 PSPermGen       total 21248K, used 9723K [0x0000000606e00000, 0x00000006082c0000, 0x000000060c000000)
  object space 21248K, 45% used [0x0000000606e00000,0x000000060777ee20,0x00000006082c0000)
GC Heap History (10 events):
Event: 3120.165 GC heap before
{Heap before GC invocations=4816 (full 132):
 PSYoungGen      total 2720320K, used 2716677K [0x0000000759560000, 0x0000000800000000, 0x0000000800000000)
  eden space 2710784K, 100% used [0x0000000759560000,0x00000007feca0000,0x00000007feca0000)
  from space 9536K, 61% used [0x00000007feca0000,0x00000007ff2615c0,0x00000007ff5f0000)
  to   space 9664K, 0% used [0x00000007ff690000,0x00000007ff690000,0x0000000800000000)
 ParOldGen       total 68288K, used 46972K [0x000000060c000000, 0x00000006102b0000, 0x0000000759560000)
  object space 68288K, 68% used [0x000000060c000000,0x000000060eddf2e0,0x00000006102b0000)
 PSPermGen       total 21248K, used 9709K [0x0000000606e00000, 0x00000006082c0000, 0x000000060c000000)
  object space 21248K, 45% used [0x0000000606e00000,0x000000060777b630,0x00000006082c0000)
Event: 3120.169 GC heap after
Heap after GC invocations=4816 (full 132):
 PSYoungGen      total 2720704K, used 5861K [0x0000000759560000, 0x0000000800000000, 0x0000000800000000)
  eden space 2711040K, 0% used [0x0000000759560000,0x0000000759560000,0x00000007fece0000)
  from space 9664K, 60% used [0x00000007ff690000,0x00000007ffc495c0,0x0000000800000000)
  to   space 9792K, 0% used [0x00000007fece0000,0x00000007fece0000,0x00000007ff670000)
 ParOldGen       total 68288K, used 47070K [0x000000060c000000, 0x00000006102b0000, 0x0000000759560000)
  object space 68288K, 68% used [0x000000060c000000,0x000000060edf7ba0,0x00000006102b0000)
 PSPermGen       total 21248K, used 9709K [0x0000000606e00000, 0x00000006082c0000, 0x000000060c000000)
  object space 21248K, 45% used [0x0000000606e00000,0x000000060777b630,0x00000006082c0000)
}
Event: 3122.709 GC heap before
{Heap before GC invocations=4817 (full 132):
 PSYoungGen      total 2720704K, used 2716901K [0x0000000759560000, 0x0000000800000000, 0x0000000800000000)
  eden space 2711040K, 100% used [0x0000000759560000,0x00000007fece0000,0x00000007fece0000)
  from space 9664K, 60% used [0x00000007ff690000,0x00000007ffc495c0,0x0000000800000000)
  to   space 9792K, 0% used [0x00000007fece0000,0x00000007fece0000,0x00000007ff670000)
 ParOldGen       total 68288K, used 47070K [0x000000060c000000, 0x00000006102b0000, 0x0000000759560000)
  object space 68288K, 68% used [0x000000060c000000,0x000000060edf7ba0,0x00000006102b0000)
 PSPermGen       total 21248K, used 9709K [0x0000000606e00000, 0x00000006082c0000, 0x000000060c000000)
  object space 21248K, 45% used [0x0000000606e00000,0x000000060777b630,0x00000006082c0000)
Event: 3122.713 GC heap after
Heap after GC invocations=4817 (full 132):
 PSYoungGen      total 2716992K, used 5893K [0x0000000759560000, 0x0000000800000000, 0x0000000800000000)
  eden space 2711040K, 0% used [0x0000000759560000,0x0000000759560000,0x00000007fece0000)
  from space 5952K, 99% used [0x00000007fece0000,0x00000007ff2a15c0,0x00000007ff2b0000)
  to   space 9856K, 0% used [0x00000007ff660000,0x00000007ff660000,0x0000000800000000)
 ParOldGen       total 68288K, used 47161K [0x000000060c000000, 0x00000006102b0000, 0x0000000759560000)
  object space 68288K, 69% used [0x000000060c000000,0x000000060ee0e460,0x00000006102b0000)
 PSPermGen       total 21248K, used 9709K [0x0000000606e00000, 0x00000006082c0000, 0x000000060c000000)
  object space 21248K, 45% used [0x0000000606e00000,0x000000060777b630,0x00000006082c0000)
}
Event: 3127.232 GC heap before
{Heap before GC invocations=4818 (full 132):
 PSYoungGen      total 2716992K, used 2716933K [0x0000000759560000, 0x0000000800000000, 0x0000000800000000)
  eden space 2711040K, 100% used [0x0000000759560000,0x00000007fece0000,0x00000007fece0000)
  from space 5952K, 99% used [0x00000007fece0000,0x00000007ff2a15c0,0x00000007ff2b0000)
  to   space 9856K, 0% used [0x00000007ff660000,0x00000007ff660000,0x0000000800000000)
 ParOldGen       total 68288K, used 47161K [0x000000060c000000, 0x00000006102b0000, 0x0000000759560000)
  object space 68288K, 69% used [0x000000060c000000,0x000000060ee0e460,0x00000006102b0000)
 PSPermGen       total 21248K, used 9709K [0x0000000606e00000, 0x00000006082c0000, 0x000000060c000000)
  object space 21248K, 45% used [0x0000000606e00000,0x000000060777b630,0x00000006082c0000)
Event: 3127.239 GC heap after
Heap after GC invocations=4818 (full 132):
 PSYoungGen      total 2582976K, used 5876K [0x0000000759560000, 0x00000007ffc20000, 0x0000000800000000)
  eden space 2577088K, 0% used [0x0000000759560000,0x0000000759560000,0x00000007f6a10000)
  from space 5888K, 99% used [0x00000007ff660000,0x00000007ffc1d390,0x00000007ffc20000)
  to   space 9792K, 0% used [0x00000007fe900000,0x00000007fe900000,0x00000007ff290000)
 ParOldGen       total 68288K, used 47267K [0x000000060c000000, 0x00000006102b0000, 0x0000000759560000)
  object space 68288K, 69% used [0x000000060c000000,0x000000060ee28d20,0x00000006102b0000)
 PSPermGen       total 21248K, used 9709K [0x0000000606e00000, 0x00000006082c0000, 0x000000060c000000)
  object space 21248K, 45% used [0x0000000606e00000,0x000000060777b630,0x00000006082c0000)
}
Event: 3129.306 GC heap before
{Heap before GC invocations=4819 (full 132):
 PSYoungGen      total 2582976K, used 2582964K [0x0000000759560000, 0x00000007ffc20000, 0x0000000800000000)
  eden space 2577088K, 100% used [0x0000000759560000,0x00000007f6a10000,0x00000007f6a10000)
  from space 5888K, 99% used [0x00000007ff660000,0x00000007ffc1d390,0x00000007ffc20000)
  to   space 9792K, 0% used [0x00000007fe900000,0x00000007fe900000,0x00000007ff290000)
 ParOldGen       total 68288K, used 47267K [0x000000060c000000, 0x00000006102b0000, 0x0000000759560000)
  object space 68288K, 69% used [0x000000060c000000,0x000000060ee28d20,0x00000006102b0000)
 PSPermGen       total 21248K, used 9709K [0x0000000606e00000, 0x00000006082c0000, 0x000000060c000000)
  object space 21248K, 45% used [0x0000000606e00000,0x000000060777b630,0x00000006082c0000)
Event: 3129.312 GC heap after
Heap after GC invocations=4819 (full 132):
 PSYoungGen      total 2455744K, used 5925K [0x0000000759560000, 0x00000007ff670000, 0x0000000800000000)
  eden space 2449792K, 0% used [0x0000000759560000,0x0000000759560000,0x00000007eedc0000)
  from space 5952K, 99% used [0x00000007fe900000,0x00000007feec95c0,0x00000007feed0000)
  to   space 7808K, 0% used [0x00000007feed0000,0x00000007feed0000,0x00000007ff670000)
 ParOldGen       total 68288K, used 47332K [0x000000060c000000, 0x00000006102b0000, 0x0000000759560000)
  object space 68288K, 69% used [0x000000060c000000,0x000000060ee39180,0x00000006102b0000)
 PSPermGen       total 21248K, used 9709K [0x0000000606e00000, 0x00000006082c0000, 0x000000060c000000)
  object space 21248K, 45% used [0x0000000606e00000,0x000000060777b630,0x00000006082c0000)
}
Event: 3131.342 GC heap before
{Heap before GC invocations=4820 (full 132):
 PSYoungGen      total 2455744K, used 2455717K [0x0000000759560000, 0x00000007ff670000, 0x0000000800000000)
  eden space 2449792K, 100% used [0x0000000759560000,0x00000007eedc0000,0x00000007eedc0000)
  from space 5952K, 99% used [0x00000007fe900000,0x00000007feec95c0,0x00000007feed0000)
  to   space 7808K, 0% used [0x00000007feed0000,0x00000007feed0000,0x00000007ff670000)
 ParOldGen       total 68288K, used 47332K [0x000000060c000000, 0x00000006102b0000, 0x0000000759560000)
  object space 68288K, 69% used [0x000000060c000000,0x000000060ee39180,0x00000006102b0000)
 PSPermGen       total 21248K, used 9709K [0x0000000606e00000, 0x00000006082c0000, 0x000000060c000000)
  object space 21248K, 45% used [0x0000000606e00000,0x000000060777b630,0x00000006082c0000)
Event: 3131.346 GC heap after
Heap after GC invocations=4820 (full 132):
 PSYoungGen      total 2335424K, used 6469K [0x0000000759560000, 0x00000007ff530000, 0x0000000800000000)
  eden space 2328896K, 0% used [0x0000000759560000,0x0000000759560000,0x00000007e77b0000)
  from space 6528K, 99% used [0x00000007feed0000,0x00000007ff521448,0x00000007ff530000)
  to   space 9600K, 0% used [0x00000007fe270000,0x00000007fe270000,0x00000007febd0000)
 ParOldGen       total 68288K, used 47430K [0x000000060c000000, 0x00000006102b0000, 0x0000000759560000)
  object space 68288K, 69% used [0x000000060c000000,0x000000060ee51a40,0x00000006102b0000)
 PSPermGen       total 21248K, used 9709K [0x0000000606e00000, 0x00000006082c0000, 0x000000060c000000)
  object space 21248K, 45% used [0x0000000606e00000,0x000000060777b630,0x00000006082c0000)
}

